[     174ms] [ERROR] Loading the font 'https://k2mkucxia43oc7fa.public.blob.vercel-storage.com/front/fonts/space-mono/space-mono-v11-latin-regular.woff2' violates the following Content Security Policy directive: "font-src 'self' *.vercel.com *.gstatic.com vercel.live". The action has been blocked. @ https://vercel.com/umar-javed-s-projects/portfolio/logs:467
[     317ms] [LOG] %c
▲

 _____ _              _                    _   _             __
|_   _| |__   ___    / \   __ _  ___ _ __ | |_(_) ___       / /
  | | | '_ \ / _ \  / _ \ / _` |/ _ \ '_ \| __| |/ __|     / /
  | | | | | |  __/ / ___ \ (_| |  __/ | | | |_| | (__     /_/
  |_| |_| |_|\___|/_/   \_\__, |\___|_| |_|\__|_|\___|    (_)
                           |___/
 ___        __               _                   _                 _
|_ _|_ __  / _|_ __ __ _ ___| |_ _ __ _   _  ___| |_ _   _ _ __ ___
 | || '_ \| |_| '__/ _` / __| __| '__| | | |/ __| __| | | | '__/ _ \
 | || | | |  _| | | (_| \__ \ |_| |  | |_| | (__| |_| |_| | | |  __/
|___|_| |_|_| |_|  \__,_|___/\__|_|   \__,_|\___|\__|\__,_|_|  \___|
  

Hello!

- Open Source https://vercel.com/oss
- Careers https://vercel.com/careers
- Status https://vercel-status.com

 font-family: "Geist Mono", monospace; white-space: pre; line-height: 1; @ https://vercel.com/_next/static/chunks/1sklb0_6pfvt1.js?dpl=dpl_EiAbiTddkEKYHXW6m8qbMrSN9fV9:78
[    2129ms] [WARNING] Deprecated API for given entry type. @ https://vercel.com/_next/static/chunks/1gl1v7925hh-n.js?dpl=dpl_EiAbiTddkEKYHXW6m8qbMrSN9fV9:18
[    9732ms] [WARNING] The resource https://vercel.com/_next/static/chunks/2o7aeb7l3su_5.css?dpl=dpl_EiAbiTddkEKYHXW6m8qbMrSN9fV9 was preloaded using link preload but not used within a few seconds from the window's load event. Please make sure it has an appropriate `as` value and it is preloaded intentionally. @ https://vercel.com/umar-javed-s-projects/portfolio/logs:0
[    9732ms] [WARNING] The resource https://vercel.com/_next/static/chunks/2czma7zk1bbb3.css?dpl=dpl_EiAbiTddkEKYHXW6m8qbMrSN9fV9 was preloaded using link preload but not used within a few seconds from the window's load event. Please make sure it has an appropriate `as` value and it is preloaded intentionally. @ https://vercel.com/umar-javed-s-projects/portfolio/logs:0
[    9732ms] [WARNING] The resource https://vercel.com/_next/static/chunks/1l21dsz6xlr6h.css?dpl=dpl_EiAbiTddkEKYHXW6m8qbMrSN9fV9 was preloaded using link preload but not used within a few seconds from the window's load event. Please make sure it has an appropriate `as` value and it is preloaded intentionally. @ https://vercel.com/umar-javed-s-projects/portfolio/logs:0
[    9732ms] [WARNING] The resource https://vercel.com/_next/static/chunks/3fd49nnoyujvi.css?dpl=dpl_EiAbiTddkEKYHXW6m8qbMrSN9fV9 was preloaded using link preload but not used within a few seconds from the window's load event. Please make sure it has an appropriate `as` value and it is preloaded intentionally. @ https://vercel.com/umar-javed-s-projects/portfolio/logs:0
[    9732ms] [WARNING] The resource https://vercel.com/_next/static/chunks/08cd0i4vtwexf.css?dpl=dpl_EiAbiTddkEKYHXW6m8qbMrSN9fV9 was preloaded using link preload but not used within a few seconds from the window's load event. Please make sure it has an appropriate `as` value and it is preloaded intentionally. @ https://vercel.com/umar-javed-s-projects/portfolio/logs:0
[    9732ms] [WARNING] The resource https://vercel.com/_next/static/chunks/0ld0e81xyg1qc.css?dpl=dpl_EiAbiTddkEKYHXW6m8qbMrSN9fV9 was preloaded using link preload but not used within a few seconds from the window's load event. Please make sure it has an appropriate `as` value and it is preloaded intentionally. @ https://vercel.com/umar-javed-s-projects/portfolio/logs:0
[    9732ms] [WARNING] The resource https://vercel.com/_next/static/chunks/0n39euk-zcvro.css?dpl=dpl_EiAbiTddkEKYHXW6m8qbMrSN9fV9 was preloaded using link preload but not used within a few seconds from the window's load event. Please make sure it has an appropriate `as` value and it is preloaded intentionally. @ https://vercel.com/umar-javed-s-projects/portfolio/logs:0
[    9732ms] [WARNING] The resource https://vercel.com/_next/static/chunks/3d792zqltro0t.css?dpl=dpl_EiAbiTddkEKYHXW6m8qbMrSN9fV9 was preloaded using link preload but not used within a few seconds from the window's load event. Please make sure it has an appropriate `as` value and it is preloaded intentionally. @ https://vercel.com/umar-javed-s-projects/portfolio/logs:0
[    9732ms] [WARNING] The resource https://vercel.com/_next/static/chunks/13t1j7hlxsp-_.css?dpl=dpl_EiAbiTddkEKYHXW6m8qbMrSN9fV9 was preloaded using link preload but not used within a few seconds from the window's load event. Please make sure it has an appropriate `as` value and it is preloaded intentionally. @ https://vercel.com/umar-javed-s-projects/portfolio/logs:0
[    9732ms] [WARNING] The resource https://vercel.com/_next/static/chunks/3g-na_zv_-cc_.css?dpl=dpl_EiAbiTddkEKYHXW6m8qbMrSN9fV9 was preloaded using link preload but not used within a few seconds from the window's load event. Please make sure it has an appropriate `as` value and it is preloaded intentionally. @ https://vercel.com/umar-javed-s-projects/portfolio/logs:0
[   16100ms] [WARNING] The resource https://vercel.com/_next/static/chunks/2o7aeb7l3su_5.css?dpl=dpl_EiAbiTddkEKYHXW6m8qbMrSN9fV9 was preloaded using link preload but not used within a few seconds from the window's load event. Please make sure it has an appropriate `as` value and it is preloaded intentionally. @ https://vercel.com/umar-javed-s-projects/portfolio/logs:0
[   16101ms] [WARNING] The resource https://vercel.com/_next/static/chunks/2czma7zk1bbb3.css?dpl=dpl_EiAbiTddkEKYHXW6m8qbMrSN9fV9 was preloaded using link preload but not used within a few seconds from the window's load event. Please make sure it has an appropriate `as` value and it is preloaded intentionally. @ https://vercel.com/umar-javed-s-projects/portfolio/logs:0
[   16101ms] [WARNING] The resource https://vercel.com/_next/static/chunks/1l21dsz6xlr6h.css?dpl=dpl_EiAbiTddkEKYHXW6m8qbMrSN9fV9 was preloaded using link preload but not used within a few seconds from the window's load event. Please make sure it has an appropriate `as` value and it is preloaded intentionally. @ https://vercel.com/umar-javed-s-projects/portfolio/logs:0
[   16101ms] [WARNING] The resource https://vercel.com/_next/static/chunks/3fd49nnoyujvi.css?dpl=dpl_EiAbiTddkEKYHXW6m8qbMrSN9fV9 was preloaded using link preload but not used within a few seconds from the window's load event. Please make sure it has an appropriate `as` value and it is preloaded intentionally. @ https://vercel.com/umar-javed-s-projects/portfolio/logs:0
[   16101ms] [WARNING] The resource https://vercel.com/_next/static/chunks/08cd0i4vtwexf.css?dpl=dpl_EiAbiTddkEKYHXW6m8qbMrSN9fV9 was preloaded using link preload but not used within a few seconds from the window's load event. Please make sure it has an appropriate `as` value and it is preloaded intentionally. @ https://vercel.com/umar-javed-s-projects/portfolio/logs:0
[   16101ms] [WARNING] The resource https://vercel.com/_next/static/chunks/0ld0e81xyg1qc.css?dpl=dpl_EiAbiTddkEKYHXW6m8qbMrSN9fV9 was preloaded using link preload but not used within a few seconds from the window's load event. Please make sure it has an appropriate `as` value and it is preloaded intentionally. @ https://vercel.com/umar-javed-s-projects/portfolio/logs:0
[   16101ms] [WARNING] The resource https://vercel.com/_next/static/chunks/0n39euk-zcvro.css?dpl=dpl_EiAbiTddkEKYHXW6m8qbMrSN9fV9 was preloaded using link preload but not used within a few seconds from the window's load event. Please make sure it has an appropriate `as` value and it is preloaded intentionally. @ https://vercel.com/umar-javed-s-projects/portfolio/logs:0
[   16101ms] [WARNING] The resource https://vercel.com/_next/static/chunks/3d792zqltro0t.css?dpl=dpl_EiAbiTddkEKYHXW6m8qbMrSN9fV9 was preloaded using link preload but not used within a few seconds from the window's load event. Please make sure it has an appropriate `as` value and it is preloaded intentionally. @ https://vercel.com/umar-javed-s-projects/portfolio/logs:0
[   16101ms] [WARNING] The resource https://vercel.com/_next/static/chunks/13t1j7hlxsp-_.css?dpl=dpl_EiAbiTddkEKYHXW6m8qbMrSN9fV9 was preloaded using link preload but not used within a few seconds from the window's load event. Please make sure it has an appropriate `as` value and it is preloaded intentionally. @ https://vercel.com/umar-javed-s-projects/portfolio/logs:0
[   16101ms] [WARNING] The resource https://vercel.com/_next/static/chunks/3g-na_zv_-cc_.css?dpl=dpl_EiAbiTddkEKYHXW6m8qbMrSN9fV9 was preloaded using link preload but not used within a few seconds from the window's load event. Please make sure it has an appropriate `as` value and it is preloaded intentionally. @ https://vercel.com/umar-javed-s-projects/portfolio/logs:0
[   65859ms] [WARNING] The resource https://vercel.com/_next/static/chunks/2o7aeb7l3su_5.css?dpl=dpl_EiAbiTddkEKYHXW6m8qbMrSN9fV9 was preloaded using link preload but not used within a few seconds from the window's load event. Please make sure it has an appropriate `as` value and it is preloaded intentionally. @ https://vercel.com/umar-javed-s-projects/portfolio/logs?selectedLogId=qjnh4-1778761446914-c20b5e732919&panelState=opened:0
[   65859ms] [WARNING] The resource https://vercel.com/_next/static/chunks/2czma7zk1bbb3.css?dpl=dpl_EiAbiTddkEKYHXW6m8qbMrSN9fV9 was preloaded using link preload but not used within a few seconds from the window's load event. Please make sure it has an appropriate `as` value and it is preloaded intentionally. @ https://vercel.com/umar-javed-s-projects/portfolio/logs?selectedLogId=qjnh4-1778761446914-c20b5e732919&panelState=opened:0
[   65859ms] [WARNING] The resource https://vercel.com/_next/static/chunks/1l21dsz6xlr6h.css?dpl=dpl_EiAbiTddkEKYHXW6m8qbMrSN9fV9 was preloaded using link preload but not used within a few seconds from the window's load event. Please make sure it has an appropriate `as` value and it is preloaded intentionally. @ https://vercel.com/umar-javed-s-projects/portfolio/logs?selectedLogId=qjnh4-1778761446914-c20b5e732919&panelState=opened:0
[   65859ms] [WARNING] The resource https://vercel.com/_next/static/chunks/3fd49nnoyujvi.css?dpl=dpl_EiAbiTddkEKYHXW6m8qbMrSN9fV9 was preloaded using link preload but not used within a few seconds from the window's load event. Please make sure it has an appropriate `as` value and it is preloaded intentionally. @ https://vercel.com/umar-javed-s-projects/portfolio/logs?selectedLogId=qjnh4-1778761446914-c20b5e732919&panelState=opened:0
[   65859ms] [WARNING] The resource https://vercel.com/_next/static/chunks/08cd0i4vtwexf.css?dpl=dpl_EiAbiTddkEKYHXW6m8qbMrSN9fV9 was preloaded using link preload but not used within a few seconds from the window's load event. Please make sure it has an appropriate `as` value and it is preloaded intentionally. @ https://vercel.com/umar-javed-s-projects/portfolio/logs?selectedLogId=qjnh4-1778761446914-c20b5e732919&panelState=opened:0
[   65859ms] [WARNING] The resource https://vercel.com/_next/static/chunks/0ld0e81xyg1qc.css?dpl=dpl_EiAbiTddkEKYHXW6m8qbMrSN9fV9 was preloaded using link preload but not used within a few seconds from the window's load event. Please make sure it has an appropriate `as` value and it is preloaded intentionally. @ https://vercel.com/umar-javed-s-projects/portfolio/logs?selectedLogId=qjnh4-1778761446914-c20b5e732919&panelState=opened:0
[   65859ms] [WARNING] The resource https://vercel.com/_next/static/chunks/0n39euk-zcvro.css?dpl=dpl_EiAbiTddkEKYHXW6m8qbMrSN9fV9 was preloaded using link preload but not used within a few seconds from the window's load event. Please make sure it has an appropriate `as` value and it is preloaded intentionally. @ https://vercel.com/umar-javed-s-projects/portfolio/logs?selectedLogId=qjnh4-1778761446914-c20b5e732919&panelState=opened:0
[   65859ms] [WARNING] The resource https://vercel.com/_next/static/chunks/3d792zqltro0t.css?dpl=dpl_EiAbiTddkEKYHXW6m8qbMrSN9fV9 was preloaded using link preload but not used within a few seconds from the window's load event. Please make sure it has an appropriate `as` value and it is preloaded intentionally. @ https://vercel.com/umar-javed-s-projects/portfolio/logs?selectedLogId=qjnh4-1778761446914-c20b5e732919&panelState=opened:0
[   65859ms] [WARNING] The resource https://vercel.com/_next/static/chunks/13t1j7hlxsp-_.css?dpl=dpl_EiAbiTddkEKYHXW6m8qbMrSN9fV9 was preloaded using link preload but not used within a few seconds from the window's load event. Please make sure it has an appropriate `as` value and it is preloaded intentionally. @ https://vercel.com/umar-javed-s-projects/portfolio/logs?selectedLogId=qjnh4-1778761446914-c20b5e732919&panelState=opened:0
[   65859ms] [WARNING] The resource https://vercel.com/_next/static/chunks/3g-na_zv_-cc_.css?dpl=dpl_EiAbiTddkEKYHXW6m8qbMrSN9fV9 was preloaded using link preload but not used within a few seconds from the window's load event. Please make sure it has an appropriate `as` value and it is preloaded intentionally. @ https://vercel.com/umar-javed-s-projects/portfolio/logs?selectedLogId=qjnh4-1778761446914-c20b5e732919&panelState=opened:0
