[     476ms] [ERROR] Loading the font 'https://k2mkucxia43oc7fa.public.blob.vercel-storage.com/front/fonts/space-mono/space-mono-v11-latin-regular.woff2' violates the following Content Security Policy directive: "font-src 'self' *.vercel.com *.gstatic.com vercel.live". The action has been blocked. @ https://vercel.com/umar-javed-s-projects/portfolio/firewall:467
[     589ms] [LOG] %c
▲

    ____                               _ __
   / __ \________  ____ _____ ___     (_) /_
  / / / / ___/ _ \/ __ `/ __ `__ \   / / __/
 / /_/ / /  /  __/ /_/ / / / / / /  / / /__
/_____/_/   \___/\__,_/_/ /_/ /_/  /_/\__( )
   _____ __    _          _ __           |/
  / ___// /_  (_)___     (_) /_
  \__ \/ __ \/ / __ \   / / __/
 ___/ / / / / / /_/ /  / / /_
/____/_/ /_/_/ .___/  /_/\__/
            /_/
  

Hello!

- Open Source https://vercel.com/oss
- Careers https://vercel.com/careers
- Status https://vercel-status.com

 font-family: "Geist Mono", monospace; white-space: pre; line-height: 1; @ https://vercel.com/_next/static/chunks/1sklb0_6pfvt1.js?dpl=dpl_EiAbiTddkEKYHXW6m8qbMrSN9fV9:78
[    2736ms] [ERROR] Failed to load resource: the server responded with a status of 403 () @ https://vercel.com/api/v1/security/plus/projects?teamId=team_hhGoF5m8ZgHHIQCyHvo2TBwv:0
[    2740ms] [ERROR] Failed to load resource: the server responded with a status of 404 () @ https://vercel.com/api/v1/security/firewall/bypass?projectId=prj_sFHhTaCKj5M2qH5yZQG6JYYV367T&teamId=team_hhGoF5m8ZgHHIQCyHvo2TBwv:0
[    2752ms] [LOG] Ignored request error CustomFetchError: This feature is not available for this team
    at d (https://vercel.com/_next/static/chunks/0m7pry_9kiog-.js?dpl=dpl_EiAbiTddkEKYHXW6m8qbMrSN9fV9:2:22412)
    at async https://vercel.com/_next/static/chunks/0vq3z1cip0x2_.js?dpl=dpl_EiAbiTddkEKYHXW6m8qbMrSN9fV9:2:15385 @ https://vercel.com/_next/static/chunks/3fs06nqhi3www.js?dpl=dpl_EiAbiTddkEKYHXW6m8qbMrSN9fV9:4
[    3313ms] [WARNING] Deprecated API for given entry type. @ https://vercel.com/_next/static/chunks/1gl1v7925hh-n.js?dpl=dpl_EiAbiTddkEKYHXW6m8qbMrSN9fV9:18
[    7955ms] [ERROR] Failed to load resource: the server responded with a status of 403 () @ https://vercel.com/api/v1/security/plus/projects?teamId=team_hhGoF5m8ZgHHIQCyHvo2TBwv:0
[    7956ms] [LOG] Ignored request error CustomFetchError: This feature is not available for this team
    at d (https://vercel.com/_next/static/chunks/0m7pry_9kiog-.js?dpl=dpl_EiAbiTddkEKYHXW6m8qbMrSN9fV9:2:22412)
    at async https://vercel.com/_next/static/chunks/0vq3z1cip0x2_.js?dpl=dpl_EiAbiTddkEKYHXW6m8qbMrSN9fV9:2:15385 @ https://vercel.com/_next/static/chunks/1gl1v7925hh-n.js?dpl=dpl_EiAbiTddkEKYHXW6m8qbMrSN9fV9:16
[   10957ms] [WARNING] The resource https://vercel.com/_next/static/chunks/2o7aeb7l3su_5.css?dpl=dpl_EiAbiTddkEKYHXW6m8qbMrSN9fV9 was preloaded using link preload but not used within a few seconds from the window's load event. Please make sure it has an appropriate `as` value and it is preloaded intentionally. @ https://vercel.com/umar-javed-s-projects/portfolio/firewall:0
[   10957ms] [WARNING] The resource https://vercel.com/_next/static/chunks/2czma7zk1bbb3.css?dpl=dpl_EiAbiTddkEKYHXW6m8qbMrSN9fV9 was preloaded using link preload but not used within a few seconds from the window's load event. Please make sure it has an appropriate `as` value and it is preloaded intentionally. @ https://vercel.com/umar-javed-s-projects/portfolio/firewall:0
[   10957ms] [WARNING] The resource https://vercel.com/_next/static/chunks/3fd49nnoyujvi.css?dpl=dpl_EiAbiTddkEKYHXW6m8qbMrSN9fV9 was preloaded using link preload but not used within a few seconds from the window's load event. Please make sure it has an appropriate `as` value and it is preloaded intentionally. @ https://vercel.com/umar-javed-s-projects/portfolio/firewall:0
[   10957ms] [WARNING] The resource https://vercel.com/_next/static/chunks/2mnl0qv1wk_rl.css?dpl=dpl_EiAbiTddkEKYHXW6m8qbMrSN9fV9 was preloaded using link preload but not used within a few seconds from the window's load event. Please make sure it has an appropriate `as` value and it is preloaded intentionally. @ https://vercel.com/umar-javed-s-projects/portfolio/firewall:0
[   10957ms] [WARNING] The resource https://vercel.com/_next/static/chunks/1l21dsz6xlr6h.css?dpl=dpl_EiAbiTddkEKYHXW6m8qbMrSN9fV9 was preloaded using link preload but not used within a few seconds from the window's load event. Please make sure it has an appropriate `as` value and it is preloaded intentionally. @ https://vercel.com/umar-javed-s-projects/portfolio/firewall:0
[   10957ms] [WARNING] The resource https://vercel.com/_next/static/chunks/0ld0e81xyg1qc.css?dpl=dpl_EiAbiTddkEKYHXW6m8qbMrSN9fV9 was preloaded using link preload but not used within a few seconds from the window's load event. Please make sure it has an appropriate `as` value and it is preloaded intentionally. @ https://vercel.com/umar-javed-s-projects/portfolio/firewall:0
[   10957ms] [WARNING] The resource https://vercel.com/_next/static/chunks/0n39euk-zcvro.css?dpl=dpl_EiAbiTddkEKYHXW6m8qbMrSN9fV9 was preloaded using link preload but not used within a few seconds from the window's load event. Please make sure it has an appropriate `as` value and it is preloaded intentionally. @ https://vercel.com/umar-javed-s-projects/portfolio/firewall:0
[   10957ms] [WARNING] The resource https://vercel.com/_next/static/chunks/3d792zqltro0t.css?dpl=dpl_EiAbiTddkEKYHXW6m8qbMrSN9fV9 was preloaded using link preload but not used within a few seconds from the window's load event. Please make sure it has an appropriate `as` value and it is preloaded intentionally. @ https://vercel.com/umar-javed-s-projects/portfolio/firewall:0
[   10957ms] [WARNING] The resource https://vercel.com/_next/static/chunks/0_paurlkdsb9n.css?dpl=dpl_EiAbiTddkEKYHXW6m8qbMrSN9fV9 was preloaded using link preload but not used within a few seconds from the window's load event. Please make sure it has an appropriate `as` value and it is preloaded intentionally. @ https://vercel.com/umar-javed-s-projects/portfolio/firewall:0
[   10957ms] [WARNING] The resource https://vercel.com/_next/static/chunks/08cd0i4vtwexf.css?dpl=dpl_EiAbiTddkEKYHXW6m8qbMrSN9fV9 was preloaded using link preload but not used within a few seconds from the window's load event. Please make sure it has an appropriate `as` value and it is preloaded intentionally. @ https://vercel.com/umar-javed-s-projects/portfolio/firewall:0
[   10957ms] [WARNING] The resource https://vercel.com/_next/static/chunks/3g-na_zv_-cc_.css?dpl=dpl_EiAbiTddkEKYHXW6m8qbMrSN9fV9 was preloaded using link preload but not used within a few seconds from the window's load event. Please make sure it has an appropriate `as` value and it is preloaded intentionally. @ https://vercel.com/umar-javed-s-projects/portfolio/firewall:0
[   16741ms] [WARNING] The resource https://vercel.com/_next/static/chunks/2o7aeb7l3su_5.css?dpl=dpl_EiAbiTddkEKYHXW6m8qbMrSN9fV9 was preloaded using link preload but not used within a few seconds from the window's load event. Please make sure it has an appropriate `as` value and it is preloaded intentionally. @ https://vercel.com/umar-javed-s-projects/portfolio/firewall:0
[   16741ms] [WARNING] The resource https://vercel.com/_next/static/chunks/2czma7zk1bbb3.css?dpl=dpl_EiAbiTddkEKYHXW6m8qbMrSN9fV9 was preloaded using link preload but not used within a few seconds from the window's load event. Please make sure it has an appropriate `as` value and it is preloaded intentionally. @ https://vercel.com/umar-javed-s-projects/portfolio/firewall:0
[   16741ms] [WARNING] The resource https://vercel.com/_next/static/chunks/3fd49nnoyujvi.css?dpl=dpl_EiAbiTddkEKYHXW6m8qbMrSN9fV9 was preloaded using link preload but not used within a few seconds from the window's load event. Please make sure it has an appropriate `as` value and it is preloaded intentionally. @ https://vercel.com/umar-javed-s-projects/portfolio/firewall:0
[   16741ms] [WARNING] The resource https://vercel.com/_next/static/chunks/2mnl0qv1wk_rl.css?dpl=dpl_EiAbiTddkEKYHXW6m8qbMrSN9fV9 was preloaded using link preload but not used within a few seconds from the window's load event. Please make sure it has an appropriate `as` value and it is preloaded intentionally. @ https://vercel.com/umar-javed-s-projects/portfolio/firewall:0
[   16741ms] [WARNING] The resource https://vercel.com/_next/static/chunks/1l21dsz6xlr6h.css?dpl=dpl_EiAbiTddkEKYHXW6m8qbMrSN9fV9 was preloaded using link preload but not used within a few seconds from the window's load event. Please make sure it has an appropriate `as` value and it is preloaded intentionally. @ https://vercel.com/umar-javed-s-projects/portfolio/firewall:0
[   16741ms] [WARNING] The resource https://vercel.com/_next/static/chunks/0ld0e81xyg1qc.css?dpl=dpl_EiAbiTddkEKYHXW6m8qbMrSN9fV9 was preloaded using link preload but not used within a few seconds from the window's load event. Please make sure it has an appropriate `as` value and it is preloaded intentionally. @ https://vercel.com/umar-javed-s-projects/portfolio/firewall:0
[   16741ms] [WARNING] The resource https://vercel.com/_next/static/chunks/0n39euk-zcvro.css?dpl=dpl_EiAbiTddkEKYHXW6m8qbMrSN9fV9 was preloaded using link preload but not used within a few seconds from the window's load event. Please make sure it has an appropriate `as` value and it is preloaded intentionally. @ https://vercel.com/umar-javed-s-projects/portfolio/firewall:0
[   16741ms] [WARNING] The resource https://vercel.com/_next/static/chunks/3d792zqltro0t.css?dpl=dpl_EiAbiTddkEKYHXW6m8qbMrSN9fV9 was preloaded using link preload but not used within a few seconds from the window's load event. Please make sure it has an appropriate `as` value and it is preloaded intentionally. @ https://vercel.com/umar-javed-s-projects/portfolio/firewall:0
[   16741ms] [WARNING] The resource https://vercel.com/_next/static/chunks/0_paurlkdsb9n.css?dpl=dpl_EiAbiTddkEKYHXW6m8qbMrSN9fV9 was preloaded using link preload but not used within a few seconds from the window's load event. Please make sure it has an appropriate `as` value and it is preloaded intentionally. @ https://vercel.com/umar-javed-s-projects/portfolio/firewall:0
[   16741ms] [WARNING] The resource https://vercel.com/_next/static/chunks/08cd0i4vtwexf.css?dpl=dpl_EiAbiTddkEKYHXW6m8qbMrSN9fV9 was preloaded using link preload but not used within a few seconds from the window's load event. Please make sure it has an appropriate `as` value and it is preloaded intentionally. @ https://vercel.com/umar-javed-s-projects/portfolio/firewall:0
[   16741ms] [WARNING] The resource https://vercel.com/_next/static/chunks/3g-na_zv_-cc_.css?dpl=dpl_EiAbiTddkEKYHXW6m8qbMrSN9fV9 was preloaded using link preload but not used within a few seconds from the window's load event. Please make sure it has an appropriate `as` value and it is preloaded intentionally. @ https://vercel.com/umar-javed-s-projects/portfolio/firewall:0
[   18155ms] [ERROR] Failed to load resource: the server responded with a status of 403 () @ https://vercel.com/api/v1/security/plus/projects?teamId=team_hhGoF5m8ZgHHIQCyHvo2TBwv:0
[   18155ms] [LOG] Ignored request error CustomFetchError: This feature is not available for this team
    at d (https://vercel.com/_next/static/chunks/0m7pry_9kiog-.js?dpl=dpl_EiAbiTddkEKYHXW6m8qbMrSN9fV9:2:22412)
    at async https://vercel.com/_next/static/chunks/0vq3z1cip0x2_.js?dpl=dpl_EiAbiTddkEKYHXW6m8qbMrSN9fV9:2:15385 @ https://vercel.com/_next/static/chunks/1gl1v7925hh-n.js?dpl=dpl_EiAbiTddkEKYHXW6m8qbMrSN9fV9:16
[   21157ms] [WARNING] The resource https://vercel.com/_next/static/chunks/2o7aeb7l3su_5.css?dpl=dpl_EiAbiTddkEKYHXW6m8qbMrSN9fV9 was preloaded using link preload but not used within a few seconds from the window's load event. Please make sure it has an appropriate `as` value and it is preloaded intentionally. @ https://vercel.com/umar-javed-s-projects/portfolio/firewall:0
[   21157ms] [WARNING] The resource https://vercel.com/_next/static/chunks/2czma7zk1bbb3.css?dpl=dpl_EiAbiTddkEKYHXW6m8qbMrSN9fV9 was preloaded using link preload but not used within a few seconds from the window's load event. Please make sure it has an appropriate `as` value and it is preloaded intentionally. @ https://vercel.com/umar-javed-s-projects/portfolio/firewall:0
[   21157ms] [WARNING] The resource https://vercel.com/_next/static/chunks/3fd49nnoyujvi.css?dpl=dpl_EiAbiTddkEKYHXW6m8qbMrSN9fV9 was preloaded using link preload but not used within a few seconds from the window's load event. Please make sure it has an appropriate `as` value and it is preloaded intentionally. @ https://vercel.com/umar-javed-s-projects/portfolio/firewall:0
[   21157ms] [WARNING] The resource https://vercel.com/_next/static/chunks/2mnl0qv1wk_rl.css?dpl=dpl_EiAbiTddkEKYHXW6m8qbMrSN9fV9 was preloaded using link preload but not used within a few seconds from the window's load event. Please make sure it has an appropriate `as` value and it is preloaded intentionally. @ https://vercel.com/umar-javed-s-projects/portfolio/firewall:0
[   21157ms] [WARNING] The resource https://vercel.com/_next/static/chunks/1l21dsz6xlr6h.css?dpl=dpl_EiAbiTddkEKYHXW6m8qbMrSN9fV9 was preloaded using link preload but not used within a few seconds from the window's load event. Please make sure it has an appropriate `as` value and it is preloaded intentionally. @ https://vercel.com/umar-javed-s-projects/portfolio/firewall:0
[   21157ms] [WARNING] The resource https://vercel.com/_next/static/chunks/0ld0e81xyg1qc.css?dpl=dpl_EiAbiTddkEKYHXW6m8qbMrSN9fV9 was preloaded using link preload but not used within a few seconds from the window's load event. Please make sure it has an appropriate `as` value and it is preloaded intentionally. @ https://vercel.com/umar-javed-s-projects/portfolio/firewall:0
[   21157ms] [WARNING] The resource https://vercel.com/_next/static/chunks/0n39euk-zcvro.css?dpl=dpl_EiAbiTddkEKYHXW6m8qbMrSN9fV9 was preloaded using link preload but not used within a few seconds from the window's load event. Please make sure it has an appropriate `as` value and it is preloaded intentionally. @ https://vercel.com/umar-javed-s-projects/portfolio/firewall:0
[   21157ms] [WARNING] The resource https://vercel.com/_next/static/chunks/3d792zqltro0t.css?dpl=dpl_EiAbiTddkEKYHXW6m8qbMrSN9fV9 was preloaded using link preload but not used within a few seconds from the window's load event. Please make sure it has an appropriate `as` value and it is preloaded intentionally. @ https://vercel.com/umar-javed-s-projects/portfolio/firewall:0
[   21157ms] [WARNING] The resource https://vercel.com/_next/static/chunks/0_paurlkdsb9n.css?dpl=dpl_EiAbiTddkEKYHXW6m8qbMrSN9fV9 was preloaded using link preload but not used within a few seconds from the window's load event. Please make sure it has an appropriate `as` value and it is preloaded intentionally. @ https://vercel.com/umar-javed-s-projects/portfolio/firewall:0
[   21157ms] [WARNING] The resource https://vercel.com/_next/static/chunks/08cd0i4vtwexf.css?dpl=dpl_EiAbiTddkEKYHXW6m8qbMrSN9fV9 was preloaded using link preload but not used within a few seconds from the window's load event. Please make sure it has an appropriate `as` value and it is preloaded intentionally. @ https://vercel.com/umar-javed-s-projects/portfolio/firewall:0
[   21157ms] [WARNING] The resource https://vercel.com/_next/static/chunks/3g-na_zv_-cc_.css?dpl=dpl_EiAbiTddkEKYHXW6m8qbMrSN9fV9 was preloaded using link preload but not used within a few seconds from the window's load event. Please make sure it has an appropriate `as` value and it is preloaded intentionally. @ https://vercel.com/umar-javed-s-projects/portfolio/firewall:0
