[    2070ms] [ERROR] Failed to load resource: the server responded with a status of 404 () @ https://vercel.com/umar-javed-s-projects/portfolio/deployments/5BS9x2R7g:0
[    2225ms] [LOG] %c
▲

    ________   _ __ _          ____           __
   /  _/ __/  (_) /( )_____   / __/___ ______/ /_
   / // /_   / / __/// ___/  / /_/ __ `/ ___/ __/
 _/ // __/  / / /_  (__  )  / __/ /_/ (__  ) /_
/___/_/    /_/\__/ /____/  /_/  \__,_/____/\__/
    _ __ _                         _    __                    __
   (_) /( )_____   ____  ____     | |  / /__  _____________  / /
  / / __/// ___/  / __ \/ __ \    | | / / _ \/ ___/ ___/ _ \/ /
 / / /_  (__  )  / /_/ / / / /    | |/ /  __/ /  / /__/  __/ /
/_/\__/ /____/   \____/_/ /_/     |___/\___/_/   \___/\___/_/
  

Hello!

- Open Source https://vercel.com/oss
- Careers https://vercel.com/careers
- Status https://vercel-status.com

 font-family: "Geist Mono", monospace; white-space: pre; line-height: 1; @ https://vercel.com/_next/static/chunks/1sklb0_6pfvt1.js?dpl=dpl_EuumHoBcmgd3TrXK99K5RB6vqPHc:78
[    3653ms] [ERROR] Loading the font 'https://k2mkucxia43oc7fa.public.blob.vercel-storage.com/front/fonts/space-mono/space-mono-v11-latin-regular.woff2' violates the following Content Security Policy directive: "font-src 'self' *.vercel.com *.gstatic.com vercel.live". The action has been blocked. @ https://vercel.com/umar-javed-s-projects/portfolio/deployments/5BS9x2R7g:0
[    3749ms] [WARNING] Deprecated API for given entry type. @ https://vercel.com/_next/static/chunks/1gl1v7925hh-n.js?dpl=dpl_EuumHoBcmgd3TrXK99K5RB6vqPHc:18
[    8565ms] [WARNING] The resource https://vercel.com/_next/static/chunks/17p90nyqj1xac.css?dpl=dpl_EuumHoBcmgd3TrXK99K5RB6vqPHc was preloaded using link preload but not used within a few seconds from the window's load event. Please make sure it has an appropriate `as` value and it is preloaded intentionally. @ https://vercel.com/umar-javed-s-projects/portfolio/deployments/5BS9x2R7g:0
[    8566ms] [WARNING] The resource https://vercel.com/_next/static/chunks/3d792zqltro0t.css?dpl=dpl_EuumHoBcmgd3TrXK99K5RB6vqPHc was preloaded using link preload but not used within a few seconds from the window's load event. Please make sure it has an appropriate `as` value and it is preloaded intentionally. @ https://vercel.com/umar-javed-s-projects/portfolio/deployments/5BS9x2R7g:0
[   17355ms] [WARNING] The resource https://vercel.com/_next/static/chunks/17p90nyqj1xac.css?dpl=dpl_EuumHoBcmgd3TrXK99K5RB6vqPHc was preloaded using link preload but not used within a few seconds from the window's load event. Please make sure it has an appropriate `as` value and it is preloaded intentionally. @ https://vercel.com/umar-javed-s-projects/portfolio/deployments/5BS9x2R7g:0
[   17355ms] [WARNING] The resource https://vercel.com/_next/static/chunks/3d792zqltro0t.css?dpl=dpl_EuumHoBcmgd3TrXK99K5RB6vqPHc was preloaded using link preload but not used within a few seconds from the window's load event. Please make sure it has an appropriate `as` value and it is preloaded intentionally. @ https://vercel.com/umar-javed-s-projects/portfolio/deployments/5BS9x2R7g:0
